<?xml version="1.0" encoding="UTF-8"?>
<!-- Generated by org.testng.reporters.JUnitReportReporter -->
<testsuite hostname="DDC2-D-9TJG882" name="testw3.NewTestW3" tests="1" failures="0" timestamp="18 Jul 2019 11:25:19 GMT" time="10.256" errors="0">
  <testcase name="f" time="10.256" classname="testw3.NewTestW3"/>
</testsuite> <!-- testw3.NewTestW3 -->
