<?xml version="1.0" encoding="UTF-8"?>
<!-- Generated by org.testng.reporters.JUnitReportReporter -->
<testsuite hostname="DDC2-D-9TJG882" name="demoKey.KeyAction" tests="1" failures="0" timestamp="19 Jul 2019 04:59:25 GMT" time="15.701" errors="0">
  <testcase name="f" time="15.701" classname="demoKey.KeyAction"/>
</testsuite> <!-- demoKey.KeyAction -->
