<?xml version="1.0" encoding="UTF-8"?>
<!-- Generated by org.testng.reporters.JUnitReportReporter -->
<testsuite hostname="DDC2-D-9TJG882" name="testng.DemoTestNG" tests="2" failures="0" timestamp="17 Jul 2019 09:58:22 GMT" time="0.018" errors="0">
  <testcase name="f" time="0.016" classname="testng.DemoTestNG"/>
  <testcase name="fo" time="0.002" classname="testng.DemoTestNG"/>
</testsuite> <!-- testng.DemoTestNG -->
