<?xml version="1.0" encoding="UTF-8"?>
<!-- Generated by org.testng.reporters.JUnitReportReporter -->
<testsuite hostname="DDC2-D-9TJG882" name="testng2.NewTest" tests="2" failures="0" timestamp="18 Jul 2019 06:08:34 GMT" time="22.851" errors="0">
  <testcase name="login" time="16.898" classname="testng2.NewTest"/>
  <testcase name="login" time="5.953" classname="testng2.NewTest"/>
</testsuite> <!-- testng2.NewTest -->
