<?xml version="1.0" encoding="UTF-8"?>
<!-- Generated by org.testng.reporters.JUnitReportReporter -->
<testsuite hostname="DDC2-D-9TJG882" name="testng.demo5" tests="1" failures="0" timestamp="19 Jul 2019 10:05:33 GMT" time="63.274" errors="0">
  <testcase name="f" time="63.274" classname="testng.demo5"/>
</testsuite> <!-- testng.demo5 -->
