<?xml version="1.0" encoding="UTF-8"?>
<!-- Generated by org.testng.reporters.JUnitReportReporter -->
<testsuite hostname="DDC2-D-9TJG882" name="testng4.DEmoWeb" tests="1" failures="0" timestamp="19 Jul 2019 07:32:31 GMT" time="5.685" errors="0">
  <testcase name="f" time="5.685" classname="testng4.DEmoWeb"/>
</testsuite> <!-- testng4.DEmoWeb -->
