<?xml version="1.0" encoding="UTF-8"?>
<!-- Generated by org.testng.reporters.JUnitReportReporter -->
<testsuite hostname="DDC2-D-9TJG882" name="demohdfc.WindowHdfc" tests="1" failures="0" timestamp="18 Jul 2019 09:03:41 GMT" time="20.721" errors="0">
  <testcase name="f" time="20.721" classname="demohdfc.WindowHdfc"/>
</testsuite> <!-- demohdfc.WindowHdfc -->
