<?xml version="1.0" encoding="UTF-8"?>
<!-- Generated by org.testng.reporters.JUnitReportReporter -->
<testsuite hostname="DDC2-D-9TJG882" name="demos.NewTest" tests="1" failures="0" timestamp="18 Jul 2019 12:34:07 GMT" time="29.363" errors="0">
  <testcase name="f" time="29.363" classname="demos.NewTest"/>
</testsuite> <!-- demos.NewTest -->
