<?xml version="1.0" encoding="UTF-8"?>
<!-- Generated by org.testng.reporters.JUnitReportReporter -->
<testsuite hostname="DDC2-D-9TJG882" name="testng.ExportTest1" tests="1" failures="0" timestamp="22 Jul 2019 07:22:17 GMT" time="23.071" errors="0">
  <testcase name="login" time="23.071" classname="testng.ExportTest1"/>
</testsuite> <!-- testng.ExportTest1 -->
