<?xml version="1.0" encoding="UTF-8"?>
<!-- Generated by org.testng.reporters.JUnitReportReporter -->
<testsuite hostname="DDC2-D-9TJG882" name="testng.demo1" tests="1" failures="0" timestamp="19 Jul 2019 09:38:49 GMT" time="38.902" errors="0">
  <testcase name="f" time="38.902" classname="testng.demo1"/>
</testsuite> <!-- testng.demo1 -->
