<?xml version="1.0" encoding="UTF-8"?>
<!-- Generated by org.testng.reporters.JUnitReportReporter -->
<testsuite hostname="DDC2-D-9TJG882" name="testng6.TestCase001" tests="1" failures="0" timestamp="22 Jul 2019 03:51:13 GMT" time="0.001" errors="0">
  <testcase name="method1" time="0.001" classname="testng6.TestCase001"/>
</testsuite> <!-- testng6.TestCase001 -->
