<?xml version="1.0" encoding="UTF-8"?>
<!-- Generated by org.testng.reporters.JUnitReportReporter -->
<testsuite hostname="DDC2-D-9TJG882" name="testng4.WindowDemo" tests="1" failures="0" timestamp="18 Jul 2019 07:12:15 GMT" time="14.146" errors="0">
  <testcase name="f" time="14.146" classname="testng4.WindowDemo"/>
</testsuite> <!-- testng4.WindowDemo -->
